<?xml version="1.0" encoding="UTF-8"?>
<testng-results skipped="0" failed="0" ignored="0" total="0" passed="0">
  <reporter-output>
  </reporter-output>
  <suite name="Surefire suite" duration-ms="35367" started-at="2023-01-20T18:10:41 IST" finished-at="2023-01-20T18:11:16 IST">
    <groups>
    </groups>
    <test name="Surefire test" duration-ms="35367" started-at="2023-01-20T18:10:41 IST" finished-at="2023-01-20T18:11:16 IST">
    </test> <!-- Surefire test -->
  </suite> <!-- Surefire suite -->
</testng-results>
